kayttaja->selain:
note left of selain
  kayttaja kirjottaa osoiteriville https://fullstack-exampleapp.herokuapp.com/spa
end note

selain->palvelin: HTTP GET https://fullstack-exampleapp.herokuapp.com/spa
palvelin-->selain: HTML-koodi
selain->palvelin: HTTP GET https://fullstack-exampleapp.herokuapp.com/main.css
palvelin-->selain: main.css
selain->palvelin: HTTP GET: https://fullstack-exampleapp.herokuapp.com/main.js
palvelin-->selain: main.js


note over selain:
  selain suorittaa js-koodia
  joka pyytää JSON-datan palvelimelta
end note


selain->palvelin: HTTP GET https://fullstack-exampleapp.herokuapp.com/data.json
palvelin-->selain: [{content: "HTML on helppoa", date: "2017-12-10T17:30:31.098Z"},…]

note over selain:
  selain suorittaa tapahtumankäsittelijän
  joka renderöi muistiinpanot näytölle
end note

